<?xml version="1.0" encoding="UTF-8"?>
<!-- Generated by org.testng.reporters.JUnitReportReporter -->
<testsuite hostname="LAPTOP-VTR22OTJ" failures="0" tests="1" name="com.itlearn.testcases.LoginTest" time="4.208" errors="0" timestamp="2025-01-31T17:12:41 IST" skipped="0">
  <testcase classname="com.itlearn.testcases.LoginTest" name="verifyLogin" time="4.208"/>
  <system-out/>
</testsuite> <!-- com.itlearn.testcases.LoginTest -->
