<?xml version="1.0" encoding="UTF-8"?>
<!-- Generated by org.testng.reporters.JUnitReportReporter -->
<testsuite hostname="LAPTOP-VTR22OTJ" failures="0" tests="1" name="com.itlearn.testcases.testCaseDemo" time="0.007" errors="0" timestamp="2025-01-30T19:35:02 IST" skipped="0">
  <testcase classname="com.itlearn.testcases.testCaseDemo" name="testcheck" time="0.007"/>
  <system-out/>
</testsuite> <!-- com.itlearn.testcases.testCaseDemo -->
